<?xml version="1.0" encoding="UTF-8"?>
<!-- Generated by org.testng.reporters.JUnitXMLReporter -->
<testsuite ignored="0" hostname="INPUM-6112VT3" failures="0" tests="3" name="Test" time="18.937" errors="0" timestamp="2023-08-07T22:57:53 IST">
  <testcase classname="com.sdet.LoginTest" name="loginTest" time="18.861"/>
  <testcase classname="com.sdet.AppTest" name="testLoginFailure" time="0.012"/>
  <testcase classname="com.sdet.AppTest" name="testLoginSuccess" time="0.001"/>
</testsuite> <!-- Test -->
