<?xml version="1.0" encoding="UTF-8"?>
<testng-results ignored="0" total="3" passed="3" failed="0" skipped="0">
  <reporter-output>
  </reporter-output>
  <suite started-at="2023-08-07T22:57:34 IST" name="Suite" finished-at="2023-08-07T22:57:53 IST" duration-ms="18937">
    <groups>
    </groups>
    <test started-at="2023-08-07T22:57:34 IST" name="Test" finished-at="2023-08-07T22:57:53 IST" duration-ms="18937">
      <class name="com.sdet.LoginTest">
        <test-method signature="loginTest()[pri:0, instance:com.sdet.LoginTest@54a7079e]" started-at="2023-08-07T22:57:34 IST" name="loginTest" finished-at="2023-08-07T22:57:53 IST" duration-ms="18861" status="PASS">
          <reporter-output>
          </reporter-output>
        </test-method> <!-- loginTest -->
      </class> <!-- com.sdet.LoginTest -->
      <class name="com.sdet.AppTest">
        <test-method signature="testLoginFailure()[pri:0, instance:com.sdet.AppTest@13fd2ccd]" started-at="2023-08-07T22:57:53 IST" name="testLoginFailure" finished-at="2023-08-07T22:57:53 IST" duration-ms="12" status="PASS">
          <reporter-output>
          </reporter-output>
        </test-method> <!-- testLoginFailure -->
        <test-method signature="testLoginSuccess()[pri:0, instance:com.sdet.AppTest@13fd2ccd]" started-at="2023-08-07T22:57:53 IST" name="testLoginSuccess" finished-at="2023-08-07T22:57:53 IST" duration-ms="1" status="PASS">
          <reporter-output>
          </reporter-output>
        </test-method> <!-- testLoginSuccess -->
      </class> <!-- com.sdet.AppTest -->
    </test> <!-- Test -->
  </suite> <!-- Suite -->
</testng-results>
